<?xml version="1.0" encoding="UTF-8"?>
<testsuite xmlns:xsi="http://www.w3.org/2001/XMLSchema-instance" xsi:noNamespaceSchemaLocation="https://maven.apache.org/surefire/maven-surefire-plugin/xsd/surefire-test-report.xsd" name="com.pftc.seleniumEasy.Runner" time="36.491" tests="18" errors="4" skipped="8" failures="0">
  <properties>
    <property name="sun.desktop" value="windows"/>
    <property name="awt.toolkit" value="sun.awt.windows.WToolkit"/>
    <property name="java.specification.version" value="11"/>
    <property name="sun.cpu.isalist" value="amd64"/>
    <property name="sun.jnu.encoding" value="Cp1252"/>
    <property name="java.class.path" value="C:\SeleniumLearning\Maven\apache-maven-3.6.1\bin\..\boot\plexus-classworlds-2.6.0.jar"/>
    <property name="java.vm.vendor" value="Oracle Corporation"/>
    <property name="sun.arch.data.model" value="64"/>
    <property name="user.variant" value=""/>
    <property name="java.vendor.url" value="http://java.oracle.com/"/>
    <property name="user.timezone" value="America/New_York"/>
    <property name="maven.conf" value="C:\SeleniumLearning\Maven\apache-maven-3.6.1\bin\../conf"/>
    <property name="os.name" value="Windows 10"/>
    <property name="java.vm.specification.version" value="11"/>
    <property name="sun.java.launcher" value="SUN_STANDARD"/>
    <property name="user.country" value="US"/>
    <property name="sun.boot.library.path" value="C:\Program Files\Java\jdk-11.0.5\bin"/>
    <property name="sun.java.command" value="org.codehaus.plexus.classworlds.launcher.Launcher clean test"/>
    <property name="jdk.debug" value="release"/>
    <property name="maven.home" value="C:\SeleniumLearning\Maven\apache-maven-3.6.1\bin\.."/>
    <property name="sun.cpu.endian" value="little"/>
    <property name="user.home" value="C:\WINDOWS\system32\config\systemprofile"/>
    <property name="user.language" value="en"/>
    <property name="java.specification.vendor" value="Oracle Corporation"/>
    <property name="java.version.date" value="2019-10-15"/>
    <property name="java.home" value="C:\Program Files\Java\jdk-11.0.5"/>
    <property name="file.separator" value="\"/>
    <property name="java.vm.compressedOopsMode" value="32-bit"/>
    <property name="line.separator" value="&#10;"/>
    <property name="java.specification.name" value="Java Platform API Specification"/>
    <property name="java.vm.specification.vendor" value="Oracle Corporation"/>
    <property name="java.awt.graphicsenv" value="sun.awt.Win32GraphicsEnvironment"/>
    <property name="user.script" value=""/>
    <property name="sun.management.compiler" value="HotSpot 64-Bit Tiered Compilers"/>
    <property name="java.runtime.version" value="11.0.5+10-LTS"/>
    <property name="user.name" value="GS-0232972-MHAQ$"/>
    <property name="path.separator" value=";"/>
    <property name="os.version" value="10.0"/>
    <property name="java.runtime.name" value="Java(TM) SE Runtime Environment"/>
    <property name="file.encoding" value="Cp1252"/>
    <property name="guice.disable.misplaced.annotation.check" value="true"/>
    <property name="java.vm.name" value="Java HotSpot(TM) 64-Bit Server VM"/>
    <property name="java.vendor.version" value="18.9"/>
    <property name="java.vendor.url.bug" value="http://bugreport.java.com/bugreport/"/>
    <property name="java.io.tmpdir" value="C:\WINDOWS\TEMP\"/>
    <property name="java.version" value="11.0.5"/>
    <property name="user.dir" value="C:\Users\mohd.haque\Downloads\SeleniumEasyAutomationTest\SeleniumEasyAutomationTest1"/>
    <property name="os.arch" value="amd64"/>
    <property name="maven.multiModuleProjectDirectory" value="C:\Users\mohd.haque\Downloads\SeleniumEasyAutomationTest\SeleniumEasyAutomationTest1"/>
    <property name="java.vm.specification.name" value="Java Virtual Machine Specification"/>
    <property name="java.awt.printerjob" value="sun.awt.windows.WPrinterJob"/>
    <property name="sun.os.patch.level" value=""/>
    <property name="java.library.path" value="C:\Program Files\Java\jdk-11.0.5\bin;C:\WINDOWS\Sun\Java\bin;C:\WINDOWS\system32;C:\WINDOWS;C:\WINDOWS\system32;C:\WINDOWS;C:\WINDOWS\System32\Wbem;C:\WINDOWS\System32\WindowsPowerShell\v1.0\;C:\WINDOWS\System32\OpenSSH\;C:\Program Files\Git\cmd;C:\Program Files\Java\jdk-11.0.5\bin;C:\SeleniumLearning\Maven\apache-maven-3.6.1\bin;C:\WINDOWS\system32\config\systemprofile\AppData\Local\Microsoft\WindowsApps;."/>
    <property name="java.vendor" value="Oracle Corporation"/>
    <property name="java.vm.info" value="mixed mode"/>
    <property name="java.vm.version" value="11.0.5+10-LTS"/>
    <property name="classworlds.conf" value="C:\SeleniumLearning\Maven\apache-maven-3.6.1\bin\..\bin\m2.conf"/>
    <property name="sun.io.unicode.encoding" value="UnicodeLittle"/>
    <property name="library.jansi.path" value="C:\SeleniumLearning\Maven\apache-maven-3.6.1\bin\..\lib\jansi-native"/>
    <property name="java.class.version" value="55.0"/>
  </properties>
  <testcase name="Given User Navigate to SeleniumEasy Test Home Page" classname="Scenario: Verify Single and and Multiple Checkbox Field functionality" time="0.001"/>
  <testcase name="When User Click on Input Forms hyperlink tab" classname="Scenario: Verify Single and and Multiple Checkbox Field functionality" time="0"/>
  <testcase name="Then User Click on Checkbox Demo linkText tab" classname="Scenario: Verify Single and and Multiple Checkbox Field functionality" time="0.006">
    <error type="java.lang.NullPointerException">java.lang.NullPointerException
</error>
  </testcase>
  <testcase name="Scenario: Verify Single and and Multiple Checkbox Field functionality" classname="Scenario: Verify Single and and Multiple Checkbox Field functionality" time="0.006">
    <error type="java.lang.NullPointerException">java.lang.NullPointerException
</error>
  </testcase>
  <testcase name="And User select Single Checkbox Demo radio button" classname="Scenario: Verify Single and and Multiple Checkbox Field functionality" time="0">
    <skipped/>
  </testcase>
  <testcase name="Then User click on the Check All button in Multiple Checkbox Demo section" classname="Scenario: Verify Single and and Multiple Checkbox Field functionality" time="0">
    <skipped/>
  </testcase>
  <testcase name="Then User validate the Check All message changed to Uncheck All button" classname="Scenario: Verify Single and and Multiple Checkbox Field functionality" time="0">
    <skipped/>
  </testcase>
  <testcase name="Given User Navigate to SeleniumEasy Test Home Page" classname="Scenario: Verify Single and Double Input Field Functionalities" time="0"/>
  <testcase name="When User Click on Input Forms hyperlink tab" classname="Scenario: Verify Single and Double Input Field Functionalities" time="0"/>
  <testcase name="Then User Click on  Simple form Demo Hyperlink Test" classname="Scenario: Verify Single and Double Input Field Functionalities" time="0"/>
  <testcase name="Then User Enter a message in the Enter message text box" classname="Scenario: Verify Single and Double Input Field Functionalities" time="0"/>
  <testcase name="And User Click on Show Message Button" classname="Scenario: Verify Single and Double Input Field Functionalities" time="0.012">
    <error message="element click intercepted: Element is not clickable at point (342, 637)&#10;  (Session info: chrome=78.0.3904.108)&#10;Build info: version: &apos;3.141.59&apos;, revision: &apos;e82be7d358&apos;, time: &apos;2018-11-14T08:17:03&apos;&#10;System info: host: &apos;GS-0232972-MHAQ&apos;, ip: &apos;192.168.14.160&apos;, os.name: &apos;Windows 10&apos;, os.arch: &apos;amd64&apos;, os.version: &apos;10.0&apos;, java.version: &apos;11.0.5&apos;&#10;Driver info: org.openqa.selenium.chrome.ChromeDriver&#10;Capabilities {acceptInsecureCerts: false, browserName: chrome, browserVersion: 78.0.3904.108, chrome: {chromedriverVersion: 78.0.3904.105 (60e2d8774a81..., userDataDir: C:\WINDOWS\TEMP\scoped_dir2...}, goog:chromeOptions: {debuggerAddress: localhost:49553}, javascriptEnabled: true, networkConnectionEnabled: false, pageLoadStrategy: normal, platform: XP, platformName: XP, proxy: Proxy(), setWindowRect: true, strictFileInteractability: false, timeouts: {implicit: 0, pageLoad: 300000, script: 30000}, unhandledPromptBehavior: dismiss and notify}&#10;Session ID: dbd9ae4ef5223b25b97473ff0085a276" type="org.openqa.selenium.ElementClickInterceptedException">org.openqa.selenium.ElementClickInterceptedException: 
element click intercepted: Element is not clickable at point (342, 637)
  (Session info: chrome=78.0.3904.108)
Build info: version: '3.141.59', revision: 'e82be7d358', time: '2018-11-14T08:17:03'
System info: host: 'GS-0232972-MHAQ', ip: '192.168.14.160', os.name: 'Windows 10', os.arch: 'amd64', os.version: '10.0', java.version: '11.0.5'
Driver info: org.openqa.selenium.chrome.ChromeDriver
Capabilities {acceptInsecureCerts: false, browserName: chrome, browserVersion: 78.0.3904.108, chrome: {chromedriverVersion: 78.0.3904.105 (60e2d8774a81..., userDataDir: C:\WINDOWS\TEMP\scoped_dir2...}, goog:chromeOptions: {debuggerAddress: localhost:49553}, javascriptEnabled: true, networkConnectionEnabled: false, pageLoadStrategy: normal, platform: XP, platformName: XP, proxy: Proxy(), setWindowRect: true, strictFileInteractability: false, timeouts: {implicit: 0, pageLoad: 300000, script: 30000}, unhandledPromptBehavior: dismiss and notify}
Session ID: dbd9ae4ef5223b25b97473ff0085a276
</error>
  </testcase>
  <testcase name="Scenario: Verify Single and Double Input Field Functionalities" classname="Scenario: Verify Single and Double Input Field Functionalities" time="0.013">
    <error message="element click intercepted: Element is not clickable at point (342, 637)&#10;  (Session info: chrome=78.0.3904.108)&#10;Build info: version: &apos;3.141.59&apos;, revision: &apos;e82be7d358&apos;, time: &apos;2018-11-14T08:17:03&apos;&#10;System info: host: &apos;GS-0232972-MHAQ&apos;, ip: &apos;192.168.14.160&apos;, os.name: &apos;Windows 10&apos;, os.arch: &apos;amd64&apos;, os.version: &apos;10.0&apos;, java.version: &apos;11.0.5&apos;&#10;Driver info: org.openqa.selenium.chrome.ChromeDriver&#10;Capabilities {acceptInsecureCerts: false, browserName: chrome, browserVersion: 78.0.3904.108, chrome: {chromedriverVersion: 78.0.3904.105 (60e2d8774a81..., userDataDir: C:\WINDOWS\TEMP\scoped_dir2...}, goog:chromeOptions: {debuggerAddress: localhost:49553}, javascriptEnabled: true, networkConnectionEnabled: false, pageLoadStrategy: normal, platform: XP, platformName: XP, proxy: Proxy(), setWindowRect: true, strictFileInteractability: false, timeouts: {implicit: 0, pageLoad: 300000, script: 30000}, unhandledPromptBehavior: dismiss and notify}&#10;Session ID: dbd9ae4ef5223b25b97473ff0085a276" type="org.openqa.selenium.ElementClickInterceptedException">org.openqa.selenium.ElementClickInterceptedException: 
element click intercepted: Element is not clickable at point (342, 637)
  (Session info: chrome=78.0.3904.108)
Build info: version: '3.141.59', revision: 'e82be7d358', time: '2018-11-14T08:17:03'
System info: host: 'GS-0232972-MHAQ', ip: '192.168.14.160', os.name: 'Windows 10', os.arch: 'amd64', os.version: '10.0', java.version: '11.0.5'
Driver info: org.openqa.selenium.chrome.ChromeDriver
Capabilities {acceptInsecureCerts: false, browserName: chrome, browserVersion: 78.0.3904.108, chrome: {chromedriverVersion: 78.0.3904.105 (60e2d8774a81..., userDataDir: C:\WINDOWS\TEMP\scoped_dir2...}, goog:chromeOptions: {debuggerAddress: localhost:49553}, javascriptEnabled: true, networkConnectionEnabled: false, pageLoadStrategy: normal, platform: XP, platformName: XP, proxy: Proxy(), setWindowRect: true, strictFileInteractability: false, timeouts: {implicit: 0, pageLoad: 300000, script: 30000}, unhandledPromptBehavior: dismiss and notify}
Session ID: dbd9ae4ef5223b25b97473ff0085a276
</error>
  </testcase>
  <testcase name="Then User Validate the Message is been displayed in the Your Message section" classname="Scenario: Verify Single and Double Input Field Functionalities" time="0">
    <skipped/>
  </testcase>
  <testcase name="Then User Enter a integer value in the Enter a text box" classname="Scenario: Verify Single and Double Input Field Functionalities" time="0">
    <skipped/>
  </testcase>
  <testcase name="And User Enter 2nd integer value in the Enter b text box" classname="Scenario: Verify Single and Double Input Field Functionalities" time="0">
    <skipped/>
  </testcase>
  <testcase name="Then User Click on the Get Total button" classname="Scenario: Verify Single and Double Input Field Functionalities" time="0">
    <skipped/>
  </testcase>
  <testcase name="Then User Validate the Total of a and b being displayed correctly" classname="Scenario: Verify Single and Double Input Field Functionalities" time="0">
    <skipped/>
  </testcase>
</testsuite>